<?xml version="1.0" encoding="UTF-8"?>
<!-- Generated by org.testng.reporters.JUnitReportReporter -->
<testsuite skipped="0" hostname="C02RQBUDFVH3.local" name="NewTest" tests="3" failures="0" timestamp="19 十月 2017 10:46:30 GMT" time="0.022" errors="0">
  <testcase name="f1" time="0.013" classname="NewTest"/>
  <testcase name="f2" time="0.006" classname="NewTest"/>
  <testcase name="f3" time="0.003" classname="NewTest"/>
</testsuite> <!-- NewTest -->
